0 silly argv {
0 silly argv   _: [ 'link' ],
0 silly argv   'force-local': true,
0 silly argv   forceLocal: true,
0 silly argv   lernaVersion: '6.5.1',
0 silly argv   '$0': 'node_modules/.bin/lerna'
0 silly argv }
1 notice cli v6.5.1
2 verbose rootPath /Users/deot/Desktop/wya/github/dev
3 info versioning independent
4 info Symlinking packages and binaries
5 silly resolveSymlink /Users/deot/Desktop/wya/github/dev/packages/cli/node_modules/@deot/dev-shared
6 verbose resolveSymlink [
6 verbose resolveSymlink   '/Users/deot/Desktop/wya/github/dev/packages/cli/node_modules/@deot/dev-shared',
6 verbose resolveSymlink   '/Users/deot/Desktop/wya/github/dev/packages/shared'
6 verbose resolveSymlink ]
7 silly createSymlink [
7 silly createSymlink   '/Users/deot/Desktop/wya/github/dev/packages/shared',
7 silly createSymlink   '/Users/deot/Desktop/wya/github/dev/packages/cli/node_modules/@deot/dev-shared',
7 silly createSymlink   'junction'
7 silly createSymlink ]
8 silly createSymbolicLink [
8 silly createSymbolicLink   '../../../shared',
8 silly createSymbolicLink   '/Users/deot/Desktop/wya/github/dev/packages/cli/node_modules/@deot/dev-shared',
8 silly createSymbolicLink   'junction'
8 silly createSymbolicLink ]
9 error
